0 info it worked if it ends with ok
1 verbose cli [ 'node',
1 verbose cli   '/home/ubuntu/.nvm/v0.10.30/bin/npm',
1 verbose cli   'bugs',
1 verbose cli   'recycletracker' ]
2 info using npm@3.10.3
3 info using node@v0.10.30
4 silly fetchPackageMetaData recycletracker
5 silly fetchNamedPackageData recycletracker
6 silly mapToRegistry name recycletracker
7 silly mapToRegistry using default registry
8 silly mapToRegistry registry https://registry.npmjs.org/
9 silly mapToRegistry data { raw: 'recycletracker',
9 silly mapToRegistry   scope: null,
9 silly mapToRegistry   escapedName: 'recycletracker',
9 silly mapToRegistry   name: 'recycletracker',
9 silly mapToRegistry   rawSpec: '',
9 silly mapToRegistry   spec: 'latest',
9 silly mapToRegistry   type: 'tag' }
10 silly mapToRegistry uri https://registry.npmjs.org/recycletracker
11 verbose request uri https://registry.npmjs.org/recycletracker
12 verbose request no auth needed
13 info attempt registry request try #1 at 21:34:10
14 verbose request id 729228d8a17cfe41
15 http request GET https://registry.npmjs.org/recycletracker
16 http 404 https://registry.npmjs.org/recycletracker
17 verbose headers { 'content-type': 'application/json',
17 verbose headers   'cache-control': 'max-age=0',
17 verbose headers   'content-length': '2',
17 verbose headers   'accept-ranges': 'bytes',
17 verbose headers   date: 'Wed, 06 Jul 2016 21:34:10 GMT',
17 verbose headers   via: '1.1 varnish',
17 verbose headers   age: '0',
17 verbose headers   connection: 'keep-alive',
17 verbose headers   'x-served-by': 'cache-ord1732-ORD',
17 verbose headers   'x-cache': 'MISS',
17 verbose headers   'x-cache-hits': '0',
17 verbose headers   'x-timer': 'S1467840850.783407,VS0,VE93',
17 verbose headers   vary: 'Accept-Encoding' }
18 silly get cb [ 404,
18 silly get   { 'content-type': 'application/json',
18 silly get     'cache-control': 'max-age=0',
18 silly get     'content-length': '2',
18 silly get     'accept-ranges': 'bytes',
18 silly get     date: 'Wed, 06 Jul 2016 21:34:10 GMT',
18 silly get     via: '1.1 varnish',
18 silly get     age: '0',
18 silly get     connection: 'keep-alive',
18 silly get     'x-served-by': 'cache-ord1732-ORD',
18 silly get     'x-cache': 'MISS',
18 silly get     'x-cache-hits': '0',
18 silly get     'x-timer': 'S1467840850.783407,VS0,VE93',
18 silly get     vary: 'Accept-Encoding' } ]
19 silly fetchPackageMetaData Error: Registry returned 404 for GET on https://registry.npmjs.org/recycletracker
19 silly fetchPackageMetaData     at makeError (/home/ubuntu/.nvm/v0.10.30/lib/node_modules/npm/node_modules/npm-registry-client/lib/request.js:264:12)
19 silly fetchPackageMetaData     at CachingRegistryClient.<anonymous> (/home/ubuntu/.nvm/v0.10.30/lib/node_modules/npm/node_modules/npm-registry-client/lib/request.js:242:14)
19 silly fetchPackageMetaData     at Request._callback (/home/ubuntu/.nvm/v0.10.30/lib/node_modules/npm/node_modules/npm-registry-client/lib/request.js:172:14)
19 silly fetchPackageMetaData     at Request.self.callback (/home/ubuntu/.nvm/v0.10.30/lib/node_modules/npm/node_modules/request/request.js:200:22)
19 silly fetchPackageMetaData     at Request.emit (events.js:98:17)
19 silly fetchPackageMetaData     at Request.<anonymous> (/home/ubuntu/.nvm/v0.10.30/lib/node_modules/npm/node_modules/request/request.js:1067:10)
19 silly fetchPackageMetaData     at Request.emit (events.js:117:20)
19 silly fetchPackageMetaData     at IncomingMessage.<anonymous> (/home/ubuntu/.nvm/v0.10.30/lib/node_modules/npm/node_modules/request/request.js:988:12)
19 silly fetchPackageMetaData     at IncomingMessage.emit (events.js:117:20)
19 silly fetchPackageMetaData     at _stream_readable.js:938:16
19 silly fetchPackageMetaData  error for recycletracker { [Error: Registry returned 404 for GET on https://registry.npmjs.org/recycletracker] pkgid: 'recycletracker', statusCode: 404, code: 'E404' }
20 verbose stack Error: Registry returned 404 for GET on https://registry.npmjs.org/recycletracker
20 verbose stack     at makeError (/home/ubuntu/.nvm/v0.10.30/lib/node_modules/npm/node_modules/npm-registry-client/lib/request.js:264:12)
20 verbose stack     at CachingRegistryClient.<anonymous> (/home/ubuntu/.nvm/v0.10.30/lib/node_modules/npm/node_modules/npm-registry-client/lib/request.js:242:14)
20 verbose stack     at Request._callback (/home/ubuntu/.nvm/v0.10.30/lib/node_modules/npm/node_modules/npm-registry-client/lib/request.js:172:14)
20 verbose stack     at Request.self.callback (/home/ubuntu/.nvm/v0.10.30/lib/node_modules/npm/node_modules/request/request.js:200:22)
20 verbose stack     at Request.emit (events.js:98:17)
20 verbose stack     at Request.<anonymous> (/home/ubuntu/.nvm/v0.10.30/lib/node_modules/npm/node_modules/request/request.js:1067:10)
20 verbose stack     at Request.emit (events.js:117:20)
20 verbose stack     at IncomingMessage.<anonymous> (/home/ubuntu/.nvm/v0.10.30/lib/node_modules/npm/node_modules/request/request.js:988:12)
20 verbose stack     at IncomingMessage.emit (events.js:117:20)
20 verbose stack     at _stream_readable.js:938:16
21 verbose statusCode 404
22 verbose pkgid recycletracker
23 verbose cwd /home/ubuntu/workspace
24 error Linux 4.2.0-c9
25 error argv "node" "/home/ubuntu/.nvm/v0.10.30/bin/npm" "bugs" "recycletracker"
26 error node v0.10.30
27 error npm  v3.10.3
28 error code E404
29 error 404 Registry returned 404 for GET on https://registry.npmjs.org/recycletracker
30 error 404
31 error 404 'recycletracker' is not in the npm registry.
32 error 404 You should bug the author to publish it (or use the name yourself!)
33 error 404 Note that you can also install from a
34 error 404 tarball, folder, http url, or git url.
35 verbose exit [ 1, true ]
